<?xml version="1.0" encoding="UTF-8"?>
<!-- Generated by org.testng.reporters.JUnitXMLReporter -->
<testsuite ignored="0" hostname="Sasikumar" failures="0" tests="3" name="Default test" time="13.285" errors="0" timestamp="2023-12-17T18:24:00 IST">
  <testcase classname="org.test.pages.TestOne" name="ExampleOne" time="0.863"/>
  <testcase classname="org.test.pages.TestOne" name="ExampleOne" time="1.154"/>
  <testcase classname="org.test.pages.TestOne" name="ExampleOne" time="1.409"/>
</testsuite> <!-- Default test -->
