<?xml version="1.0" encoding="UTF-8"?>
<testng-results ignored="0" total="1" passed="1" failed="0" skipped="0">
  <reporter-output>
  </reporter-output>
  <suite started-at="2023-12-17T00:49:08 IST" name="Default suite" finished-at="2023-12-17T00:49:40 IST" duration-ms="32512">
    <groups>
    </groups>
    <test started-at="2023-12-17T00:49:08 IST" name="Default test" finished-at="2023-12-17T00:49:40 IST" duration-ms="32512">
      <class name="org.test.pages.TestOne">
        <test-method is-config="true" signature="start()[pri:0, instance:org.test.pages.TestOne@3590fc5b]" started-at="2023-12-17T00:49:08 IST" name="start" finished-at="2023-12-17T00:49:33 IST" duration-ms="25005" status="PASS">
          <reporter-output>
          </reporter-output>
        </test-method> <!-- start -->
        <test-method signature="ExampleOne()[pri:0, instance:org.test.pages.TestOne@3590fc5b]" started-at="2023-12-17T00:49:33 IST" name="ExampleOne" finished-at="2023-12-17T00:49:40 IST" duration-ms="7295" status="PASS">
          <reporter-output>
          </reporter-output>
        </test-method> <!-- ExampleOne -->
        <test-method is-config="true" signature="end()[pri:0, instance:org.test.pages.TestOne@3590fc5b]" started-at="2023-12-17T00:49:40 IST" name="end" finished-at="2023-12-17T00:49:40 IST" duration-ms="132" status="PASS">
          <reporter-output>
          </reporter-output>
        </test-method> <!-- end -->
      </class> <!-- org.test.pages.TestOne -->
    </test> <!-- Default test -->
  </suite> <!-- Default suite -->
</testng-results>
